<?xml version="1.0" encoding="UTF-8"?>
<!-- Generated by org.testng.reporters.JUnitReportReporter -->
<testsuite hostname="B-VV-John" failures="0" tests="1" name="com.login.run.TestRunner" time="74.148" errors="0" timestamp="2024-06-25T05:09:24 IST" skipped="0">
  <testcase classname="com.login.run.TestRunner" name="runScenario" time="74.148"/>
  <system-out/>
</testsuite> <!-- com.login.run.TestRunner -->
